<?xml version="1.0" encoding="UTF-8"?>
<!-- Generated by org.testng.reporters.JUnitReportReporter -->
<testsuite hostname="DESKTOP-GIQCQ00" failures="0" tests="1" name="testcases.LoginTest" time="21.708" errors="0" timestamp="2024-12-21T13:56:15 IST" skipped="0">
  <testcase classname="testcases.LoginTest" name="loginHRM" time="21.708"/>
  <system-out/>
</testsuite> <!-- testcases.LoginTest -->
