<?xml version="1.0" encoding="UTF-8"?>
<!-- Generated by org.testng.reporters.JUnitReportReporter -->
<testsuite hostname="DESKTOP-GIQCQ00" failures="0" tests="1" name="testcases.LoginTest" time="23.667" errors="0" timestamp="2024-12-21T15:32:47 IST" skipped="0">
  <testcase classname="testcases.LoginTest" name="loginHRM" time="23.667"/>
  <system-out/>
</testsuite> <!-- testcases.LoginTest -->
